# JRE version: Java(TM) SE Runtime Environment (17.0.11+7) (build 17.0.11+7-LTS-207)
# Java VM: Java HotSpot(TM) 64-Bit Server VM (17.0.11+7-LTS-207, mixed mode, sharing, tiered, compressed oops, compressed class ptrs, g1 gc, windows-amd64)
GC Precious Log:
 CPUs: 4 total, 4 available
 Memory: 3984M
 Large Page Support: Disabled
 NUMA Support: Disabled
 Compressed Oops: Enabled (32-bit)
 Heap Region Size: 1M
 Heap Min Capacity: 8M
 Heap Initial Capacity: 64M
 Heap Max Capacity: 2G
 Pre-touch: Disabled
 Parallel Workers: 4
 Concurrent Workers: 1
 Concurrent Refinement Workers: 4
 Periodic GC: Disabled
Heap:
 garbage-first heap   total 65536K, used 22143K [0x0000000080000000, 0x0000000100000000)
  region size 1024K, 6 young (6144K), 2 survivors (2048K)
 Metaspace       used 12830K, committed 13056K, reserved 491520K
  class space    used 1801K, committed 1920K, reserved 425984K
GC Heap History (10 events):
Event: 8.046 GC heap before
{Heap before GC invocations=0 (full 0):
 garbage-first heap   total 65536K, used 12288K [0x0000000080000000, 0x0000000100000000)
  region size 1024K, 13 young (13312K), 0 survivors (0K)
 Metaspace       used 1002K, committed 1152K, reserved 491520K
  class space    used 74K, committed 128K, reserved 425984K
}
Event: 8.132 GC heap after
{Heap after GC invocations=1 (full 0):
 garbage-first heap   total 65536K, used 3028K [0x0000000080000000, 0x0000000100000000)
  region size 1024K, 2 young (2048K), 2 survivors (2048K)
 Metaspace       used 1002K, committed 1152K, reserved 491520K
  class space    used 74K, committed 128K, reserved 425984K
}
Event: 15.887 GC heap before
{Heap before GC invocations=1 (full 0):
 garbage-first heap   total 65536K, used 22484K [0x0000000080000000, 0x0000000100000000)
  region size 1024K, 17 young (17408K), 2 survivors (2048K)
 Metaspace       used 3526K, committed 3648K, reserved 491520K
  class space    used 439K, committed 512K, reserved 425984K
}
Event: 15.910 GC heap after
{Heap after GC invocations=2 (full 0):
 garbage-first heap   total 65536K, used 10547K [0x0000000080000000, 0x0000000100000000)
  region size 1024K, 3 young (3072K), 3 survivors (3072K)
 Metaspace       used 3526K, committed 3648K, reserved 491520K
  class space    used 439K, committed 512K, reserved 425984K
}
Event: 23.683 GC heap before
{Heap before GC invocations=2 (full 0):
 garbage-first heap   total 65536K, used 31027K [0x0000000080000000, 0x0000000100000000)
  region size 1024K, 24 young (24576K), 3 survivors (3072K)
 Metaspace       used 4019K, committed 4224K, reserved 491520K
  class space    used 489K, committed 576K, reserved 425984K
}
Event: 23.698 GC heap after
{Heap after GC invocations=3 (full 0):
 garbage-first heap   total 65536K, used 11215K [0x0000000080000000, 0x0000000100000000)
  region size 1024K, 1 young (1024K), 1 survivors (1024K)
 Metaspace       used 4019K, committed 4224K, reserved 491520K
  class space    used 489K, committed 576K, reserved 425984K
}
Event: 37.113 GC heap before
{Heap before GC invocations=3 (full 0):
 garbage-first heap   total 65536K, used 42959K [0x0000000080000000, 0x0000000100000000)
  region size 1024K, 32 young (32768K), 1 survivors (1024K)
 Metaspace       used 6923K, committed 7104K, reserved 491520K
  class space    used 943K, committed 1024K, reserved 425984K
}
Event: 37.133 GC heap after
{Heap after GC invocations=4 (full 0):
 garbage-first heap   total 65536K, used 16968K [0x0000000080000000, 0x0000000100000000)
  region size 1024K, 4 young (4096K), 4 survivors (4096K)
 Metaspace       used 6923K, committed 7104K, reserved 491520K
  class space    used 943K, committed 1024K, reserved 425984K
}
Event: 45.647 GC heap before
{Heap before GC invocations=4 (full 0):
 garbage-first heap   total 65536K, used 40520K [0x0000000080000000, 0x0000000100000000)
  region size 1024K, 27 young (27648K), 4 survivors (4096K)
 Metaspace       used 12413K, committed 12672K, reserved 491520K
  class space    used 1722K, committed 1856K, reserved 425984K
}
Event: 45.669 GC heap after
{Heap after GC invocations=5 (full 0):
 garbage-first heap   total 65536K, used 19071K [0x0000000080000000, 0x0000000100000000)
  region size 1024K, 2 young (2048K), 2 survivors (2048K)
 Metaspace       used 12413K, committed 12672K, reserved 491520K
  class space    used 1722K, committed 1856K, reserved 425984K
}

