# JRE version: Java(TM) SE Runtime Environment (17.0.11+7) (build 17.0.11+7-LTS-207)
# Java VM: Java HotSpot(TM) 64-Bit Server VM (17.0.11+7-LTS-207, mixed mode, sharing, tiered, compressed oops, compressed class ptrs, g1 gc, windows-amd64)
GC Precious Log:
 CPUs: 4 total, 4 available
 Memory: 3939M
 Large Page Support: Disabled
 NUMA Support: Disabled
 Compressed Oops: Enabled (Zero based)
 Heap Region Size: 2M
 Heap Min Capacity: 8M
 Heap Initial Capacity: 62M
 Heap Max Capacity: 4G
 Pre-touch: Disabled
 Parallel Workers: 4
 Concurrent Workers: 1
 Concurrent Refinement Workers: 4
 Periodic GC: Disabled
Heap:
 garbage-first heap   total 591872K, used 358400K [0x0000000700000000, 0x0000000800000000)
  region size 2048K, 3 young (6144K), 3 survivors (6144K)
 Metaspace       used 144772K, committed 146240K, reserved 983040K
  class space    used 19459K, committed 20160K, reserved 851968K
GC Heap History (20 events):
Event: 52.979 GC heap after
{Heap after GC invocations=56 (full 0):
 garbage-first heap   total 591872K, used 161508K [0x0000000700000000, 0x0000000800000000)
  region size 2048K, 1 young (2048K), 1 survivors (2048K)
 Metaspace       used 101353K, committed 102464K, reserved 983040K
  class space    used 14332K, committed 14848K, reserved 851968K
}
Event: 59.400 GC heap before
{Heap before GC invocations=56 (full 0):
 garbage-first heap   total 591872K, used 397028K [0x0000000700000000, 0x0000000800000000)
  region size 2048K, 117 young (239616K), 1 survivors (2048K)
 Metaspace       used 108036K, committed 109248K, reserved 983040K
  class space    used 15166K, committed 15744K, reserved 851968K
}
Event: 59.471 GC heap after
{Heap after GC invocations=57 (full 0):
 garbage-first heap   total 591872K, used 191331K [0x0000000700000000, 0x0000000800000000)
  region size 2048K, 15 young (30720K), 15 survivors (30720K)
 Metaspace       used 108036K, committed 109248K, reserved 983040K
  class space    used 15166K, committed 15744K, reserved 851968K
}
Event: 69.902 GC heap before
{Heap before GC invocations=57 (full 0):
 garbage-first heap   total 591872K, used 414563K [0x0000000700000000, 0x0000000800000000)
  region size 2048K, 125 young (256000K), 15 survivors (30720K)
 Metaspace       used 112988K, committed 114240K, reserved 983040K
  class space    used 15685K, committed 16320K, reserved 851968K
}
Event: 69.974 GC heap after
{Heap after GC invocations=58 (full 0):
 garbage-first heap   total 591872K, used 209239K [0x0000000700000000, 0x0000000800000000)
  region size 2048K, 9 young (18432K), 9 survivors (18432K)
 Metaspace       used 112988K, committed 114240K, reserved 983040K
  class space    used 15685K, committed 16320K, reserved 851968K
}
Event: 75.608 GC heap before
{Heap before GC invocations=58 (full 0):
 garbage-first heap   total 591872K, used 457047K [0x0000000700000000, 0x0000000800000000)
  region size 2048K, 120 young (245760K), 9 survivors (18432K)
 Metaspace       used 118755K, committed 120000K, reserved 983040K
  class space    used 16162K, committed 16768K, reserved 851968K
}
Event: 75.637 GC heap after
{Heap after GC invocations=59 (full 0):
 garbage-first heap   total 591872K, used 210764K [0x0000000700000000, 0x0000000800000000)
  region size 2048K, 4 young (8192K), 4 survivors (8192K)
 Metaspace       used 118755K, committed 120000K, reserved 983040K
  class space    used 16162K, committed 16768K, reserved 851968K
}
Event: 92.163 GC heap before
{Heap before GC invocations=59 (full 0):
 garbage-first heap   total 591872K, used 464716K [0x0000000700000000, 0x0000000800000000)
  region size 2048K, 123 young (251904K), 4 survivors (8192K)
 Metaspace       used 131890K, committed 133248K, reserved 983040K
  class space    used 17706K, committed 18368K, reserved 851968K
}
Event: 92.204 GC heap after
{Heap after GC invocations=60 (full 0):
 garbage-first heap   total 591872K, used 227751K [0x0000000700000000, 0x0000000800000000)
  region size 2048K, 10 young (20480K), 10 survivors (20480K)
 Metaspace       used 131890K, committed 133248K, reserved 983040K
  class space    used 17706K, committed 18368K, reserved 851968K
}
Event: 106.319 GC heap before
{Heap before GC invocations=60 (full 0):
 garbage-first heap   total 591872K, used 461223K [0x0000000700000000, 0x0000000800000000)
  region size 2048K, 125 young (256000K), 10 survivors (20480K)
 Metaspace       used 137733K, committed 139136K, reserved 983040K
  class space    used 18356K, committed 19008K, reserved 851968K
}
Event: 106.381 GC heap after
{Heap after GC invocations=61 (full 0):
 garbage-first heap   total 591872K, used 229410K [0x0000000700000000, 0x0000000800000000)
  region size 2048K, 7 young (14336K), 7 survivors (14336K)
 Metaspace       used 137733K, committed 139136K, reserved 983040K
  class space    used 18356K, committed 19008K, reserved 851968K
}
Event: 146.009 GC heap before
{Heap before GC invocations=61 (full 0):
 garbage-first heap   total 591872K, used 516130K [0x0000000700000000, 0x0000000800000000)
  region size 2048K, 124 young (253952K), 7 survivors (14336K)
 Metaspace       used 142198K, committed 143616K, reserved 983040K
  class space    used 18948K, committed 19648K, reserved 851968K
}
Event: 146.563 GC heap after
{Heap after GC invocations=62 (full 0):
 garbage-first heap   total 591872K, used 292759K [0x0000000700000000, 0x0000000800000000)
  region size 2048K, 16 young (32768K), 16 survivors (32768K)
 Metaspace       used 142198K, committed 143616K, reserved 983040K
  class space    used 18948K, committed 19648K, reserved 851968K
}
Event: 148.337 GC heap before
{Heap before GC invocations=62 (full 0):
 garbage-first heap   total 591872K, used 294807K [0x0000000700000000, 0x0000000800000000)
  region size 2048K, 17 young (34816K), 16 survivors (32768K)
 Metaspace       used 142198K, committed 143616K, reserved 983040K
  class space    used 18948K, committed 19648K, reserved 851968K
}
Event: 148.486 GC heap after
{Heap after GC invocations=63 (full 0):
 garbage-first heap   total 591872K, used 296596K [0x0000000700000000, 0x0000000800000000)
  region size 2048K, 2 young (4096K), 2 survivors (4096K)
 Metaspace       used 142198K, committed 143616K, reserved 983040K
  class space    used 18948K, committed 19648K, reserved 851968K
}
Event: 153.413 GC heap before
{Heap before GC invocations=63 (full 0):
 garbage-first heap   total 591872K, used 378516K [0x0000000700000000, 0x0000000800000000)
  region size 2048K, 43 young (88064K), 2 survivors (4096K)
 Metaspace       used 144763K, committed 146176K, reserved 983040K
  class space    used 19459K, committed 20160K, reserved 851968K
}
Event: 153.556 GC heap after
{Heap after GC invocations=64 (full 0):
 garbage-first heap   total 591872K, used 329728K [0x0000000700000000, 0x0000000800000000)
  region size 2048K, 6 young (12288K), 6 survivors (12288K)
 Metaspace       used 144763K, committed 146176K, reserved 983040K
  class space    used 19459K, committed 20160K, reserved 851968K
}
Event: 154.306 GC heap before
{Heap before GC invocations=64 (full 0):
 garbage-first heap   total 591872K, used 346112K [0x0000000700000000, 0x0000000800000000)
  region size 2048K, 14 young (28672K), 6 survivors (12288K)
 Metaspace       used 144764K, committed 146176K, reserved 983040K
  class space    used 19459K, committed 20160K, reserved 851968K
}
Event: 154.385 GC heap after
{Heap after GC invocations=65 (full 0):
 garbage-first heap   total 591872K, used 339968K [0x0000000700000000, 0x0000000800000000)
  region size 2048K, 2 young (4096K), 2 survivors (4096K)
 Metaspace       used 144764K, committed 146176K, reserved 983040K
  class space    used 19459K, committed 20160K, reserved 851968K
}
Event: 155.310 GC heap before
{Heap before GC invocations=65 (full 0):
 garbage-first heap   total 591872K, used 374784K [0x0000000700000000, 0x0000000800000000)
  region size 2048K, 20 young (40960K), 2 survivors (4096K)
 Metaspace       used 144772K, committed 146240K, reserved 983040K
  class space    used 19459K, committed 20160K, reserved 851968K
}

