# JRE version: Java(TM) SE Runtime Environment (17.0.11+7) (build 17.0.11+7-LTS-207)
# Java VM: Java HotSpot(TM) 64-Bit Server VM (17.0.11+7-LTS-207, mixed mode, sharing, tiered, compressed oops, compressed class ptrs, g1 gc, windows-amd64)
GC Precious Log:
 CPUs: 4 total, 4 available
 Memory: 3939M
 Large Page Support: Disabled
 NUMA Support: Disabled
 Compressed Oops: Enabled (32-bit)
 Heap Region Size: 1M
 Heap Min Capacity: 8M
 Heap Initial Capacity: 62M
 Heap Max Capacity: 986M
 Pre-touch: Disabled
 Parallel Workers: 4
 Concurrent Workers: 1
 Concurrent Refinement Workers: 4
 Periodic GC: Disabled
Heap:
 garbage-first heap   total 63488K, used 36899K [0x00000000c2600000, 0x0000000100000000)
  region size 1024K, 8 young (8192K), 2 survivors (2048K)
 Metaspace       used 40582K, committed 40832K, reserved 1114112K
  class space    used 5013K, committed 5184K, reserved 1048576K
GC Heap History (20 events):
Event: 11.482 GC heap before
{Heap before GC invocations=2 (full 0):
 garbage-first heap   total 63488K, used 44232K [0x00000000c2600000, 0x0000000100000000)
  region size 1024K, 35 young (35840K), 1 survivors (1024K)
 Metaspace       used 15812K, committed 16000K, reserved 1114112K
  class space    used 2068K, committed 2176K, reserved 1048576K
}
Event: 11.504 GC heap after
{Heap after GC invocations=3 (full 0):
 garbage-first heap   total 63488K, used 14667K [0x00000000c2600000, 0x0000000100000000)
  region size 1024K, 5 young (5120K), 5 survivors (5120K)
 Metaspace       used 15812K, committed 16000K, reserved 1114112K
  class space    used 2068K, committed 2176K, reserved 1048576K
}
Event: 14.591 GC heap before
{Heap before GC invocations=3 (full 0):
 garbage-first heap   total 63488K, used 37195K [0x00000000c2600000, 0x0000000100000000)
  region size 1024K, 28 young (28672K), 5 survivors (5120K)
 Metaspace       used 21361K, committed 21504K, reserved 1114112K
  class space    used 2872K, committed 2944K, reserved 1048576K
}
Event: 14.616 GC heap after
{Heap after GC invocations=4 (full 0):
 garbage-first heap   total 63488K, used 15272K [0x00000000c2600000, 0x0000000100000000)
  region size 1024K, 3 young (3072K), 3 survivors (3072K)
 Metaspace       used 21361K, committed 21504K, reserved 1114112K
  class space    used 2872K, committed 2944K, reserved 1048576K
}
Event: 17.282 GC heap before
{Heap before GC invocations=5 (full 0):
 garbage-first heap   total 58368K, used 43944K [0x00000000c2600000, 0x0000000100000000)
  region size 1024K, 31 young (31744K), 3 survivors (3072K)
 Metaspace       used 26668K, committed 26816K, reserved 1114112K
  class space    used 3368K, committed 3456K, reserved 1048576K
}
Event: 17.299 GC heap after
{Heap after GC invocations=6 (full 0):
 garbage-first heap   total 58368K, used 18612K [0x00000000c2600000, 0x0000000100000000)
  region size 1024K, 4 young (4096K), 4 survivors (4096K)
 Metaspace       used 26668K, committed 26816K, reserved 1114112K
  class space    used 3368K, committed 3456K, reserved 1048576K
}
Event: 21.965 GC heap before
{Heap before GC invocations=6 (full 0):
 garbage-first heap   total 58368K, used 41140K [0x00000000c2600000, 0x0000000100000000)
  region size 1024K, 26 young (26624K), 4 survivors (4096K)
 Metaspace       used 31874K, committed 32064K, reserved 1114112K
  class space    used 3948K, committed 4032K, reserved 1048576K
}
Event: 21.987 GC heap after
{Heap after GC invocations=7 (full 0):
 garbage-first heap   total 58368K, used 20905K [0x00000000c2600000, 0x0000000100000000)
  region size 1024K, 3 young (3072K), 3 survivors (3072K)
 Metaspace       used 31874K, committed 32064K, reserved 1114112K
  class space    used 3948K, committed 4032K, reserved 1048576K
}
Event: 24.795 GC heap before
{Heap before GC invocations=7 (full 0):
 garbage-first heap   total 58368K, used 42409K [0x00000000c2600000, 0x0000000100000000)
  region size 1024K, 23 young (23552K), 3 survivors (3072K)
 Metaspace       used 35392K, committed 35648K, reserved 1114112K
  class space    used 4319K, committed 4480K, reserved 1048576K
}
Event: 24.820 GC heap after
{Heap after GC invocations=8 (full 0):
 garbage-first heap   total 58368K, used 26540K [0x00000000c2600000, 0x0000000100000000)
  region size 1024K, 3 young (3072K), 3 survivors (3072K)
 Metaspace       used 35392K, committed 35648K, reserved 1114112K
  class space    used 4319K, committed 4480K, reserved 1048576K
}
Event: 25.134 GC heap before
{Heap before GC invocations=8 (full 0):
 garbage-first heap   total 58368K, used 27564K [0x00000000c2600000, 0x0000000100000000)
  region size 1024K, 5 young (5120K), 3 survivors (3072K)
 Metaspace       used 35893K, committed 36096K, reserved 1114112K
  class space    used 4375K, committed 4480K, reserved 1048576K
}
Event: 25.147 GC heap after
{Heap after GC invocations=9 (full 0):
 garbage-first heap   total 58368K, used 27282K [0x00000000c2600000, 0x0000000100000000)
  region size 1024K, 1 young (1024K), 1 survivors (1024K)
 Metaspace       used 35893K, committed 36096K, reserved 1114112K
  class space    used 4375K, committed 4480K, reserved 1048576K
}
Event: 30.686 GC heap before
{Heap before GC invocations=10 (full 0):
 garbage-first heap   total 58368K, used 42642K [0x00000000c2600000, 0x0000000100000000)
  region size 1024K, 17 young (17408K), 1 survivors (1024K)
 Metaspace       used 39557K, committed 39808K, reserved 1114112K
  class space    used 4920K, committed 5056K, reserved 1048576K
}
Event: 30.698 GC heap after
{Heap after GC invocations=11 (full 0):
 garbage-first heap   total 58368K, used 28900K [0x00000000c2600000, 0x0000000100000000)
  region size 1024K, 3 young (3072K), 3 survivors (3072K)
 Metaspace       used 39557K, committed 39808K, reserved 1114112K
  class space    used 4920K, committed 5056K, reserved 1048576K
}
Event: 31.448 GC heap before
{Heap before GC invocations=11 (full 0):
 garbage-first heap   total 58368K, used 34020K [0x00000000c2600000, 0x0000000100000000)
  region size 1024K, 9 young (9216K), 3 survivors (3072K)
 Metaspace       used 40229K, committed 40448K, reserved 1114112K
  class space    used 4998K, committed 5120K, reserved 1048576K
}
Event: 31.460 GC heap after
{Heap after GC invocations=12 (full 0):
 garbage-first heap   total 58368K, used 30106K [0x00000000c2600000, 0x0000000100000000)
  region size 1024K, 2 young (2048K), 2 survivors (2048K)
 Metaspace       used 40229K, committed 40448K, reserved 1114112K
  class space    used 4998K, committed 5120K, reserved 1048576K
}
Event: 32.129 GC heap before
{Heap before GC invocations=13 (full 0):
 garbage-first heap   total 58368K, used 44442K [0x00000000c2600000, 0x0000000100000000)
  region size 1024K, 16 young (16384K), 2 survivors (2048K)
 Metaspace       used 40278K, committed 40512K, reserved 1114112K
  class space    used 4998K, committed 5120K, reserved 1048576K
}
Event: 32.136 GC heap after
{Heap after GC invocations=14 (full 0):
 garbage-first heap   total 58368K, used 30810K [0x00000000c2600000, 0x0000000100000000)
  region size 1024K, 1 young (1024K), 1 survivors (1024K)
 Metaspace       used 40278K, committed 40512K, reserved 1114112K
  class space    used 4998K, committed 5120K, reserved 1048576K
}
Event: 33.740 GC heap before
{Heap before GC invocations=14 (full 0):
 garbage-first heap   total 58368K, used 45146K [0x00000000c2600000, 0x0000000100000000)
  region size 1024K, 15 young (15360K), 1 survivors (1024K)
 Metaspace       used 40538K, committed 40832K, reserved 1114112K
  class space    used 5013K, committed 5184K, reserved 1048576K
}
Event: 33.748 GC heap after
{Heap after GC invocations=15 (full 0):
 garbage-first heap   total 58368K, used 31779K [0x00000000c2600000, 0x0000000100000000)
  region size 1024K, 2 young (2048K), 2 survivors (2048K)
 Metaspace       used 40538K, committed 40832K, reserved 1114112K
  class space    used 5013K, committed 5184K, reserved 1048576K
}

