# JRE version: Java(TM) SE Runtime Environment (17.0.11+7) (build 17.0.11+7-LTS-207)
# Java VM: Java HotSpot(TM) 64-Bit Server VM (17.0.11+7-LTS-207, mixed mode, sharing, tiered, compressed oops, compressed class ptrs, g1 gc, windows-amd64)
GC Precious Log:
 CPUs: 4 total, 4 available
 Memory: 3939M
 Large Page Support: Disabled
 NUMA Support: Disabled
 Compressed Oops: Enabled (32-bit)
 Heap Region Size: 1M
 Heap Min Capacity: 8M
 Heap Initial Capacity: 62M
 Heap Max Capacity: 986M
 Pre-touch: Disabled
 Parallel Workers: 4
 Concurrent Workers: 1
 Concurrent Refinement Workers: 4
 Periodic GC: Disabled
Heap:
 garbage-first heap   total 93184K, used 55163K [0x00000000c2600000, 0x0000000100000000)
  region size 1024K, 2 young (2048K), 2 survivors (2048K)
 Metaspace       used 50084K, committed 50368K, reserved 1114112K
  class space    used 5881K, committed 6016K, reserved 1048576K
GC Heap History (20 events):
Event: 9.441 GC heap after
{Heap after GC invocations=8 (full 0):
 garbage-first heap   total 55296K, used 21127K [0x00000000c2600000, 0x0000000100000000)
  region size 1024K, 3 young (3072K), 3 survivors (3072K)
 Metaspace       used 31548K, committed 31744K, reserved 1114112K
  class space    used 3890K, committed 3968K, reserved 1048576K
}
Event: 10.479 GC heap before
{Heap before GC invocations=8 (full 0):
 garbage-first heap   total 55296K, used 42631K [0x00000000c2600000, 0x0000000100000000)
  region size 1024K, 22 young (22528K), 3 survivors (3072K)
 Metaspace       used 34931K, committed 35200K, reserved 1114112K
  class space    used 4263K, committed 4416K, reserved 1048576K
}
Event: 10.502 GC heap after
{Heap after GC invocations=9 (full 0):
 garbage-first heap   total 55296K, used 26512K [0x00000000c2600000, 0x0000000100000000)
  region size 1024K, 3 young (3072K), 3 survivors (3072K)
 Metaspace       used 34931K, committed 35200K, reserved 1114112K
  class space    used 4263K, committed 4416K, reserved 1048576K
}
Event: 10.852 GC heap before
{Heap before GC invocations=9 (full 0):
 garbage-first heap   total 55296K, used 40848K [0x00000000c2600000, 0x0000000100000000)
  region size 1024K, 17 young (17408K), 3 survivors (3072K)
 Metaspace       used 35448K, committed 35712K, reserved 1114112K
  class space    used 4318K, committed 4480K, reserved 1048576K
}
Event: 10.871 GC heap after
{Heap after GC invocations=10 (full 0):
 garbage-first heap   total 93184K, used 30491K [0x00000000c2600000, 0x0000000100000000)
  region size 1024K, 3 young (3072K), 3 survivors (3072K)
 Metaspace       used 35448K, committed 35712K, reserved 1114112K
  class space    used 4318K, committed 4480K, reserved 1048576K
}
Event: 11.343 GC heap before
{Heap before GC invocations=10 (full 0):
 garbage-first heap   total 93184K, used 42779K [0x00000000c2600000, 0x0000000100000000)
  region size 1024K, 16 young (16384K), 3 survivors (3072K)
 Metaspace       used 35928K, committed 36160K, reserved 1114112K
  class space    used 4366K, committed 4480K, reserved 1048576K
}
Event: 11.353 GC heap after
{Heap after GC invocations=11 (full 0):
 garbage-first heap   total 93184K, used 29550K [0x00000000c2600000, 0x0000000100000000)
  region size 1024K, 1 young (1024K), 1 survivors (1024K)
 Metaspace       used 35928K, committed 36160K, reserved 1114112K
  class space    used 4366K, committed 4480K, reserved 1048576K
}
Event: 17.486 GC heap before
{Heap before GC invocations=12 (full 0):
 garbage-first heap   total 93184K, used 69486K [0x00000000c2600000, 0x0000000100000000)
  region size 1024K, 40 young (40960K), 1 survivors (1024K)
 Metaspace       used 43901K, committed 44096K, reserved 1114112K
  class space    used 5337K, committed 5440K, reserved 1048576K
}
Event: 17.513 GC heap after
{Heap after GC invocations=13 (full 0):
 garbage-first heap   total 93184K, used 34815K [0x00000000c2600000, 0x0000000100000000)
  region size 1024K, 5 young (5120K), 5 survivors (5120K)
 Metaspace       used 43901K, committed 44096K, reserved 1114112K
  class space    used 5337K, committed 5440K, reserved 1048576K
}
Event: 21.223 GC heap before
{Heap before GC invocations=13 (full 0):
 garbage-first heap   total 93184K, used 69631K [0x00000000c2600000, 0x0000000100000000)
  region size 1024K, 39 young (39936K), 5 survivors (5120K)
 Metaspace       used 47301K, committed 47552K, reserved 1114112K
  class space    used 5687K, committed 5824K, reserved 1048576K
}
Event: 21.267 GC heap after
{Heap after GC invocations=14 (full 0):
 garbage-first heap   total 93184K, used 41156K [0x00000000c2600000, 0x0000000100000000)
  region size 1024K, 5 young (5120K), 5 survivors (5120K)
 Metaspace       used 47301K, committed 47552K, reserved 1114112K
  class space    used 5687K, committed 5824K, reserved 1048576K
}
Event: 22.923 GC heap before
{Heap before GC invocations=14 (full 0):
 garbage-first heap   total 93184K, used 68804K [0x00000000c2600000, 0x0000000100000000)
  region size 1024K, 32 young (32768K), 5 survivors (5120K)
 Metaspace       used 48396K, committed 48704K, reserved 1114112K
  class space    used 5756K, committed 5888K, reserved 1048576K
}
Event: 22.960 GC heap after
{Heap after GC invocations=15 (full 0):
 garbage-first heap   total 93184K, used 47040K [0x00000000c2600000, 0x0000000100000000)
  region size 1024K, 4 young (4096K), 4 survivors (4096K)
 Metaspace       used 48396K, committed 48704K, reserved 1114112K
  class space    used 5756K, committed 5888K, reserved 1048576K
}
Event: 23.794 GC heap before
{Heap before GC invocations=15 (full 0):
 garbage-first heap   total 93184K, used 70592K [0x00000000c2600000, 0x0000000100000000)
  region size 1024K, 27 young (27648K), 4 survivors (4096K)
 Metaspace       used 48491K, committed 48768K, reserved 1114112K
  class space    used 5758K, committed 5888K, reserved 1048576K
}
Event: 23.831 GC heap after
{Heap after GC invocations=16 (full 0):
 garbage-first heap   total 93184K, used 51712K [0x00000000c2600000, 0x0000000100000000)
  region size 1024K, 4 young (4096K), 4 survivors (4096K)
 Metaspace       used 48491K, committed 48768K, reserved 1114112K
  class space    used 5758K, committed 5888K, reserved 1048576K
}
Event: 25.351 GC heap before
{Heap before GC invocations=17 (full 0):
 garbage-first heap   total 93184K, used 72192K [0x00000000c2600000, 0x0000000100000000)
  region size 1024K, 24 young (24576K), 4 survivors (4096K)
 Metaspace       used 49318K, committed 49664K, reserved 1114112K
  class space    used 5844K, committed 6016K, reserved 1048576K
}
Event: 25.380 GC heap after
{Heap after GC invocations=18 (full 0):
 garbage-first heap   total 93184K, used 54493K [0x00000000c2600000, 0x0000000100000000)
  region size 1024K, 3 young (3072K), 3 survivors (3072K)
 Metaspace       used 49318K, committed 49664K, reserved 1114112K
  class space    used 5844K, committed 6016K, reserved 1048576K
}
Event: 25.385 GC heap before
{Heap before GC invocations=18 (full 0):
 garbage-first heap   total 93184K, used 55517K [0x00000000c2600000, 0x0000000100000000)
  region size 1024K, 4 young (4096K), 3 survivors (3072K)
 Metaspace       used 49319K, committed 49664K, reserved 1114112K
  class space    used 5844K, committed 6016K, reserved 1048576K
}
Event: 25.397 GC heap after
{Heap after GC invocations=19 (full 0):
 garbage-first heap   total 93184K, used 54210K [0x00000000c2600000, 0x0000000100000000)
  region size 1024K, 1 young (1024K), 1 survivors (1024K)
 Metaspace       used 49319K, committed 49664K, reserved 1114112K
  class space    used 5844K, committed 6016K, reserved 1048576K
}
Event: 26.324 GC heap before
{Heap before GC invocations=19 (full 0):
 garbage-first heap   total 93184K, used 71618K [0x00000000c2600000, 0x0000000100000000)
  region size 1024K, 19 young (19456K), 1 survivors (1024K)
 Metaspace       used 50084K, committed 50368K, reserved 1114112K
  class space    used 5881K, committed 6016K, reserved 1048576K
}

