# JRE version: Java(TM) SE Runtime Environment (17.0.11+7) (build 17.0.11+7-LTS-207)
# Java VM: Java HotSpot(TM) 64-Bit Server VM (17.0.11+7-LTS-207, mixed mode, sharing, tiered, compressed oops, compressed class ptrs, g1 gc, windows-amd64)
GC Precious Log:
 CPUs: 4 total, 4 available
 Memory: 3939M
 Large Page Support: Disabled
 NUMA Support: Disabled
 Compressed Oops: Enabled (Zero based)
 Heap Region Size: 2M
 Heap Min Capacity: 8M
 Heap Initial Capacity: 62M
 Heap Max Capacity: 4G
 Pre-touch: Disabled
 Parallel Workers: 4
 Concurrent Workers: 1
 Concurrent Refinement Workers: 4
 Periodic GC: Disabled
Heap:
 garbage-first heap   total 593920K, used 184320K [0x0000000700000000, 0x0000000800000000)
  region size 2048K, 11 young (22528K), 5 survivors (10240K)
 Metaspace       used 104119K, committed 105280K, reserved 983040K
  class space    used 14620K, committed 15168K, reserved 851968K
GC Heap History (20 events):
Event: 57.414 GC heap before
{Heap before GC invocations=45 (full 0):
 garbage-first heap   total 182272K, used 148177K [0x0000000700000000, 0x0000000800000000)
  region size 2048K, 29 young (59392K), 3 survivors (6144K)
 Metaspace       used 91194K, committed 92032K, reserved 983040K
  class space    used 12963K, committed 13376K, reserved 851968K
}
Event: 57.430 GC heap after
{Heap after GC invocations=46 (full 0):
 garbage-first heap   total 182272K, used 98964K [0x0000000700000000, 0x0000000800000000)
  region size 2048K, 3 young (6144K), 3 survivors (6144K)
 Metaspace       used 91194K, committed 92032K, reserved 983040K
  class space    used 12963K, committed 13376K, reserved 851968K
}
Event: 58.403 GC heap before
{Heap before GC invocations=47 (full 0):
 garbage-first heap   total 194560K, used 146068K [0x0000000700000000, 0x0000000800000000)
  region size 2048K, 27 young (55296K), 3 survivors (6144K)
 Metaspace       used 93168K, committed 94016K, reserved 983040K
  class space    used 13264K, committed 13696K, reserved 851968K
}
Event: 58.424 GC heap after
{Heap after GC invocations=48 (full 0):
 garbage-first heap   total 194560K, used 103704K [0x0000000700000000, 0x0000000800000000)
  region size 2048K, 4 young (8192K), 4 survivors (8192K)
 Metaspace       used 93168K, committed 94016K, reserved 983040K
  class space    used 13264K, committed 13696K, reserved 851968K
}
Event: 59.820 GC heap before
{Heap before GC invocations=48 (full 0):
 garbage-first heap   total 194560K, used 150808K [0x0000000700000000, 0x0000000800000000)
  region size 2048K, 28 young (57344K), 4 survivors (8192K)
 Metaspace       used 93796K, committed 94656K, reserved 983040K
  class space    used 13307K, committed 13760K, reserved 851968K
}
Event: 59.871 GC heap after
{Heap after GC invocations=49 (full 0):
 garbage-first heap   total 235520K, used 113690K [0x0000000700000000, 0x0000000800000000)
  region size 2048K, 4 young (8192K), 4 survivors (8192K)
 Metaspace       used 93796K, committed 94656K, reserved 983040K
  class space    used 13307K, committed 13760K, reserved 851968K
}
Event: 64.023 GC heap before
{Heap before GC invocations=50 (full 0):
 garbage-first heap   total 235520K, used 187418K [0x0000000700000000, 0x0000000800000000)
  region size 2048K, 39 young (79872K), 4 survivors (8192K)
 Metaspace       used 95670K, committed 96640K, reserved 983040K
  class space    used 13577K, committed 14080K, reserved 851968K
}
Event: 64.110 GC heap after
{Heap after GC invocations=51 (full 0):
 garbage-first heap   total 235520K, used 130933K [0x0000000700000000, 0x0000000800000000)
  region size 2048K, 5 young (10240K), 5 survivors (10240K)
 Metaspace       used 95670K, committed 96640K, reserved 983040K
  class space    used 13577K, committed 14080K, reserved 851968K
}
Event: 65.367 GC heap before
{Heap before GC invocations=51 (full 0):
 garbage-first heap   total 235520K, used 186229K [0x0000000700000000, 0x0000000800000000)
  region size 2048K, 32 young (65536K), 5 survivors (10240K)
 Metaspace       used 98828K, committed 99840K, reserved 983040K
  class space    used 14010K, committed 14528K, reserved 851968K
}
Event: 65.417 GC heap after
{Heap after GC invocations=52 (full 0):
 garbage-first heap   total 235520K, used 134964K [0x0000000700000000, 0x0000000800000000)
  region size 2048K, 2 young (4096K), 2 survivors (4096K)
 Metaspace       used 98828K, committed 99840K, reserved 983040K
  class space    used 14010K, committed 14528K, reserved 851968K
}
Event: 66.378 GC heap before
{Heap before GC invocations=53 (full 0):
 garbage-first heap   total 274432K, used 184116K [0x0000000700000000, 0x0000000800000000)
  region size 2048K, 26 young (53248K), 2 survivors (4096K)
 Metaspace       used 101338K, committed 102336K, reserved 983040K
  class space    used 14364K, committed 14848K, reserved 851968K
}
Event: 66.400 GC heap after
{Heap after GC invocations=54 (full 0):
 garbage-first heap   total 274432K, used 137879K [0x0000000700000000, 0x0000000800000000)
  region size 2048K, 4 young (8192K), 4 survivors (8192K)
 Metaspace       used 101338K, committed 102336K, reserved 983040K
  class space    used 14364K, committed 14848K, reserved 851968K
}
Event: 67.071 GC heap before
{Heap before GC invocations=54 (full 0):
 garbage-first heap   total 274432K, used 211607K [0x0000000700000000, 0x0000000800000000)
  region size 2048K, 40 young (81920K), 4 survivors (8192K)
 Metaspace       used 101622K, committed 102592K, reserved 983040K
  class space    used 14389K, committed 14912K, reserved 851968K
}
Event: 67.109 GC heap after
{Heap after GC invocations=55 (full 0):
 garbage-first heap   total 274432K, used 150302K [0x0000000700000000, 0x0000000800000000)
  region size 2048K, 5 young (10240K), 5 survivors (10240K)
 Metaspace       used 101622K, committed 102592K, reserved 983040K
  class space    used 14389K, committed 14912K, reserved 851968K
}
Event: 69.033 GC heap before
{Heap before GC invocations=56 (full 0):
 garbage-first heap   total 296960K, used 213790K [0x0000000700000000, 0x0000000800000000)
  region size 2048K, 37 young (75776K), 5 survivors (10240K)
 Metaspace       used 102311K, committed 103360K, reserved 983040K
  class space    used 14464K, committed 14976K, reserved 851968K
}
Event: 69.096 GC heap after
{Heap after GC invocations=57 (full 0):
 garbage-first heap   total 296960K, used 163440K [0x0000000700000000, 0x0000000800000000)
  region size 2048K, 5 young (10240K), 5 survivors (10240K)
 Metaspace       used 102311K, committed 103360K, reserved 983040K
  class space    used 14464K, committed 14976K, reserved 851968K
}
Event: 69.263 GC heap before
{Heap before GC invocations=57 (full 0):
 garbage-first heap   total 296960K, used 167536K [0x0000000700000000, 0x0000000800000000)
  region size 2048K, 7 young (14336K), 5 survivors (10240K)
 Metaspace       used 102345K, committed 103360K, reserved 983040K
  class space    used 14464K, committed 14976K, reserved 851968K
}
Event: 69.309 GC heap after
{Heap after GC invocations=58 (full 0):
 garbage-first heap   total 296960K, used 165466K [0x0000000700000000, 0x0000000800000000)
  region size 2048K, 1 young (2048K), 1 survivors (2048K)
 Metaspace       used 102345K, committed 103360K, reserved 983040K
  class space    used 14464K, committed 14976K, reserved 851968K
}
Event: 71.177 GC heap before
{Heap before GC invocations=58 (full 0):
 garbage-first heap   total 296960K, used 233050K [0x0000000700000000, 0x0000000800000000)
  region size 2048K, 35 young (71680K), 1 survivors (2048K)
 Metaspace       used 104057K, committed 105152K, reserved 983040K
  class space    used 14615K, committed 15168K, reserved 851968K
}
Event: 71.212 GC heap after
{Heap after GC invocations=59 (full 0):
 garbage-first heap   total 593920K, used 174080K [0x0000000700000000, 0x0000000800000000)
  region size 2048K, 5 young (10240K), 5 survivors (10240K)
 Metaspace       used 104057K, committed 105152K, reserved 983040K
  class space    used 14615K, committed 15168K, reserved 851968K
}

