# JRE version: Java(TM) SE Runtime Environment (17.0.11+7) (build 17.0.11+7-LTS-207)
# Java VM: Java HotSpot(TM) 64-Bit Server VM (17.0.11+7-LTS-207, mixed mode, sharing, tiered, compressed oops, compressed class ptrs, g1 gc, windows-amd64)
GC Precious Log:
 CPUs: 4 total, 4 available
 Memory: 3939M
 Large Page Support: Disabled
 NUMA Support: Disabled
 Compressed Oops: Enabled (32-bit)
 Heap Region Size: 1M
 Heap Min Capacity: 8M
 Heap Initial Capacity: 62M
 Heap Max Capacity: 986M
 Pre-touch: Disabled
 Parallel Workers: 4
 Concurrent Workers: 1
 Concurrent Refinement Workers: 4
 Periodic GC: Disabled
Heap:
 garbage-first heap   total 99328K, used 56111K [0x00000000c2600000, 0x0000000100000000)
  region size 1024K, 2 young (2048K), 2 survivors (2048K)
 Metaspace       used 52608K, committed 52864K, reserved 1114112K
  class space    used 6083K, committed 6208K, reserved 1048576K
GC Heap History (20 events):
Event: 42.608 GC heap after
{Heap after GC invocations=19 (full 0):
 garbage-first heap   total 63488K, used 39086K [0x00000000c2600000, 0x0000000100000000)
  region size 1024K, 2 young (2048K), 2 survivors (2048K)
 Metaspace       used 45677K, committed 45952K, reserved 1114112K
  class space    used 5505K, committed 5632K, reserved 1048576K
}
Event: 44.274 GC heap before
{Heap before GC invocations=20 (full 0):
 garbage-first heap   total 68608K, used 48302K [0x00000000c2600000, 0x0000000100000000)
  region size 1024K, 12 young (12288K), 2 survivors (2048K)
 Metaspace       used 47173K, committed 47488K, reserved 1114112K
  class space    used 5678K, committed 5824K, reserved 1048576K
}
Event: 44.294 GC heap after
{Heap after GC invocations=21 (full 0):
 garbage-first heap   total 68608K, used 41160K [0x00000000c2600000, 0x0000000100000000)
  region size 1024K, 2 young (2048K), 2 survivors (2048K)
 Metaspace       used 47173K, committed 47488K, reserved 1114112K
  class space    used 5678K, committed 5824K, reserved 1048576K
}
Event: 45.634 GC heap before
{Heap before GC invocations=21 (full 0):
 garbage-first heap   total 68608K, used 52424K [0x00000000c2600000, 0x0000000100000000)
  region size 1024K, 14 young (14336K), 2 survivors (2048K)
 Metaspace       used 48023K, committed 48320K, reserved 1114112K
  class space    used 5755K, committed 5888K, reserved 1048576K
}
Event: 45.652 GC heap after
{Heap after GC invocations=22 (full 0):
 garbage-first heap   total 68608K, used 43703K [0x00000000c2600000, 0x0000000100000000)
  region size 1024K, 2 young (2048K), 2 survivors (2048K)
 Metaspace       used 48023K, committed 48320K, reserved 1114112K
  class space    used 5755K, committed 5888K, reserved 1048576K
}
Event: 46.648 GC heap before
{Heap before GC invocations=23 (full 0):
 garbage-first heap   total 75776K, used 54967K [0x00000000c2600000, 0x0000000100000000)
  region size 1024K, 13 young (13312K), 2 survivors (2048K)
 Metaspace       used 48321K, committed 48576K, reserved 1114112K
  class space    used 5755K, committed 5888K, reserved 1048576K
}
Event: 46.665 GC heap after
{Heap after GC invocations=24 (full 0):
 garbage-first heap   total 75776K, used 45932K [0x00000000c2600000, 0x0000000100000000)
  region size 1024K, 2 young (2048K), 2 survivors (2048K)
 Metaspace       used 48321K, committed 48576K, reserved 1114112K
  class space    used 5755K, committed 5888K, reserved 1048576K
}
Event: 48.091 GC heap before
{Heap before GC invocations=24 (full 0):
 garbage-first heap   total 75776K, used 59244K [0x00000000c2600000, 0x0000000100000000)
  region size 1024K, 15 young (15360K), 2 survivors (2048K)
 Metaspace       used 48394K, committed 48704K, reserved 1114112K
  class space    used 5757K, committed 5888K, reserved 1048576K
}
Event: 48.114 GC heap after
{Heap after GC invocations=25 (full 0):
 garbage-first heap   total 91136K, used 48398K [0x00000000c2600000, 0x0000000100000000)
  region size 1024K, 2 young (2048K), 2 survivors (2048K)
 Metaspace       used 48394K, committed 48704K, reserved 1114112K
  class space    used 5757K, committed 5888K, reserved 1048576K
}
Event: 49.560 GC heap before
{Heap before GC invocations=26 (full 0):
 garbage-first heap   total 91136K, used 69902K [0x00000000c2600000, 0x0000000100000000)
  region size 1024K, 23 young (23552K), 2 survivors (2048K)
 Metaspace       used 48521K, committed 48768K, reserved 1114112K
  class space    used 5766K, committed 5888K, reserved 1048576K
}
Event: 49.581 GC heap after
{Heap after GC invocations=27 (full 0):
 garbage-first heap   total 91136K, used 51965K [0x00000000c2600000, 0x0000000100000000)
  region size 1024K, 3 young (3072K), 3 survivors (3072K)
 Metaspace       used 48521K, committed 48768K, reserved 1114112K
  class space    used 5766K, committed 5888K, reserved 1048576K
}
Event: 49.612 GC heap before
{Heap before GC invocations=27 (full 0):
 garbage-first heap   total 91136K, used 52989K [0x00000000c2600000, 0x0000000100000000)
  region size 1024K, 4 young (4096K), 3 survivors (3072K)
 Metaspace       used 48525K, committed 48768K, reserved 1114112K
  class space    used 5766K, committed 5888K, reserved 1048576K
}
Event: 49.642 GC heap after
{Heap after GC invocations=28 (full 0):
 garbage-first heap   total 91136K, used 51865K [0x00000000c2600000, 0x0000000100000000)
  region size 1024K, 1 young (1024K), 1 survivors (1024K)
 Metaspace       used 48525K, committed 48768K, reserved 1114112K
  class space    used 5766K, committed 5888K, reserved 1048576K
}
Event: 50.896 GC heap before
{Heap before GC invocations=28 (full 0):
 garbage-first heap   total 91136K, used 71321K [0x00000000c2600000, 0x0000000100000000)
  region size 1024K, 20 young (20480K), 1 survivors (1024K)
 Metaspace       used 49505K, committed 49792K, reserved 1114112K
  class space    used 5857K, committed 6016K, reserved 1048576K
}
Event: 50.907 GC heap after
{Heap after GC invocations=29 (full 0):
 garbage-first heap   total 91136K, used 53022K [0x00000000c2600000, 0x0000000100000000)
  region size 1024K, 2 young (2048K), 2 survivors (2048K)
 Metaspace       used 49505K, committed 49792K, reserved 1114112K
  class space    used 5857K, committed 6016K, reserved 1048576K
}
Event: 52.190 GC heap before
{Heap before GC invocations=30 (full 0):
 garbage-first heap   total 99328K, used 71454K [0x00000000c2600000, 0x0000000100000000)
  region size 1024K, 20 young (20480K), 2 survivors (2048K)
 Metaspace       used 50343K, committed 50624K, reserved 1114112K
  class space    used 5907K, committed 6080K, reserved 1048576K
}
Event: 52.205 GC heap after
{Heap after GC invocations=31 (full 0):
 garbage-first heap   total 99328K, used 54674K [0x00000000c2600000, 0x0000000100000000)
  region size 1024K, 3 young (3072K), 3 survivors (3072K)
 Metaspace       used 50343K, committed 50624K, reserved 1114112K
  class space    used 5907K, committed 6080K, reserved 1048576K
}
Event: 52.302 GC heap before
{Heap before GC invocations=31 (full 0):
 garbage-first heap   total 99328K, used 55698K [0x00000000c2600000, 0x0000000100000000)
  region size 1024K, 4 young (4096K), 3 survivors (3072K)
 Metaspace       used 50391K, committed 50688K, reserved 1114112K
  class space    used 5908K, committed 6080K, reserved 1048576K
}
Event: 52.318 GC heap after
{Heap after GC invocations=32 (full 0):
 garbage-first heap   total 99328K, used 54592K [0x00000000c2600000, 0x0000000100000000)
  region size 1024K, 1 young (1024K), 1 survivors (1024K)
 Metaspace       used 50391K, committed 50688K, reserved 1114112K
  class space    used 5908K, committed 6080K, reserved 1048576K
}
Event: 55.217 GC heap before
{Heap before GC invocations=32 (full 0):
 garbage-first heap   total 99328K, used 78144K [0x00000000c2600000, 0x0000000100000000)
  region size 1024K, 24 young (24576K), 1 survivors (1024K)
 Metaspace       used 52608K, committed 52864K, reserved 1114112K
  class space    used 6083K, committed 6208K, reserved 1048576K
}

